<?xml version="1.0" encoding="UTF-8"?>
<!-- Generated by org.testng.reporters.JUnitXMLReporter -->
<testsuite ignored="0" hostname="Abhays-MacBook-Pro.local" failures="0" tests="2" name="E-C0mmerceTesting" time="3.776" errors="0" timestamp="2021-07-21T14:45:19 CDT">
  <testcase classname="Generic.BaseTest" name="@BeforeMethod openApplication" time="2.355">
    <failure type="java.lang.NullPointerException">
      <![CDATA[java.lang.NullPointerException
at Generic.ReadConfig.getUrl(ReadConfig.java:20)
at Generic.BaseTest.openApplication(BaseTest.java:45)
at java.base/java.util.ArrayList.forEach(ArrayList.java:1511)
... Removed 31 stack frames]]>
    </failure>
  </testcase> <!-- @BeforeMethod openApplication -->
  <testcase classname="Generic.BaseTest" name="@BeforeMethod openApplication" time="-1.626896719739E9">
    <skipped/>
  </testcase> <!-- @BeforeMethod openApplication -->
  <testcase classname="Scripts.LoginviaDataprovider" name="logging" time="0.0">
    <skipped/>
  </testcase> <!-- logging -->
  <testcase classname="Scripts.LoginviaDataprovider" name="logging" time="0.0">
    <skipped/>
  </testcase> <!-- logging -->
</testsuite> <!-- E-C0mmerceTesting -->
