<?xml version="1.0" encoding="UTF-8"?>
<!-- Generated by org.testng.reporters.JUnitXMLReporter -->
<testsuite ignored="0" hostname="Abhays-MacBook-Pro.local" failures="0" tests="3" name="Test" time="0.133" errors="0" timestamp="2021-08-05T15:56:45 CDT">
  <testcase classname="ExcelSamples.ParallelEX" name="test1" time="0.01"/>
  <testcase classname="ExcelSamples.ParallelEX" name="test2" time="0.003"/>
  <testcase classname="ExcelSamples.ParallelEX" name="test3" time="0.004"/>
</testsuite> <!-- Test -->
